6 7 8 9 10 11 12 13 14 15 16 17 18 19 20 

4 1 5 6 3 2 
3 2 6 1 4 5 
3 1 4 5 2 6 
1 4 5 3 6 2 
5 3 6 1 2 4 
1 2 4 6 5 3 
3 6 1 4 5 2 
2 5 1 3 4 6 
1 6 4 2 5 3 
5 1 3 6 4 2 
4 2 5 1 3 
5 2 1 6 3 4 
5 1 3 2 6 4 
3 6 5 2 4 1 
1 5 3 2 6 4 
3 6 2 1 5 4 
5 1 4 3 2 6 
1 2 4 3 6 5 
2 1 6 3 4 5 
5 3 2 6 1 4 
3 2 4 1 6 5 
1 4 6 3 2 5 
2 4 6 3 1 5 
3 4 5 2 6 1 
3 4 2 5 1 6 
2 5 3 1 4 
4 3 2 5 1 6 
4 1 3 2 5 6 
2 5 6 1 4 3 
4 3 5 1 6 2 
2 3 5 1 4 6 
5 1 6 2 4 3 
3 4 2 5 6 1 
2 6 5 1 4 3 
3 1 2 4 6 5 
2 4 1 5 3 
2 3 6 4 5 1 
1 4 2 5 6 3 
2 3 1 6 4 5 
4 5 3 6 2 1 
4 5 2 6 1 3 
2 1 5 6 3 4 
1 5 4 2 3 6 
3 4 5 2 6 1 
3 1 6 4 5 2 
5 2 1 6 4 3 
1 2 6 4 5 3 
3 2 6 4 1 5 
5 2 6 1 4 3 
3 5 6 1 4 2 
1 3 6 2 4 5 
3 1 5 2 4 6 
3 6 1 5 2 4 
5 4 2 3 1 
4 2 5 6 3 1 
2 1 5 6 3 4 
4 2 1 6 5 3 
2 4 1 5 3 6 
1 2 4 3 5 6 
3 4 5 6 1 2 

max: 16
6 7 8 9 10 11 12 13 14 15 16 17 18 19 20 4 

1 5 6 3 2 
3 2 6 1 4 5 
3 1 4 5 2 6 
1 4 5 3 6 2 
5 3 6 1 2 4 
1 2 4 6 5 3 
3 6 1 4 5 2 
2 5 1 3 4 6 
1 6 4 2 5 3 
5 1 3 6 4 2 
2 5 1 3 
5 2 1 6 3 4 
5 1 3 2 6 4 
3 6 5 2 4 1 
1 5 3 2 6 4 
3 6 2 1 5 4 
5 1 4 3 2 6 
1 2 4 3 6 5 
2 1 6 3 4 5 
5 3 2 6 1 4 
3 2 4 1 6 5 
1 4 6 3 2 5 
2 4 6 3 1 5 
3 4 5 2 6 1 
3 4 2 5 1 6 
2 5 3 1 4 
3 2 5 1 6 
1 3 2 5 6 
2 5 6 1 4 3 
3 5 1 6 2 
2 3 5 1 4 6 
5 1 6 2 4 3 
3 4 2 5 6 1 
2 6 5 1 4 3 
3 1 2 4 6 5 
2 4 1 5 3 
2 3 6 4 5 1 
1 4 2 5 6 3 
2 3 1 6 4 5 
5 3 6 2 1 
5 2 6 1 3 
2 1 5 6 3 4 
1 5 4 2 3 6 
3 4 5 2 6 1 
3 1 6 4 5 2 
5 2 1 6 4 3 
1 2 6 4 5 3 
3 2 6 4 1 5 
5 2 6 1 4 3 
3 5 6 1 4 2 
1 3 6 2 4 5 
3 1 5 2 4 6 
3 6 1 5 2 4 
5 4 2 3 1 
2 5 6 3 1 
2 1 5 6 3 4 
2 1 6 5 3 
2 4 1 5 3 6 
1 2 4 3 5 6 
3 4 5 6 1 2 

max: 18
6 7 8 9 10 11 12 13 14 15 16 17 18 19 20 4 5 

1 5 6 3 2 
3 2 6 1 4 5 
3 1 4 5 2 6 
1 4 5 3 6 2 
3 6 1 2 4 
1 2 4 6 5 3 
3 6 1 4 5 2 
2 5 1 3 4 6 
1 6 4 2 5 3 
1 3 6 4 2 
2 5 1 3 
2 1 6 3 4 
1 3 2 6 4 
3 6 5 2 4 1 
1 5 3 2 6 4 
3 6 2 1 5 4 
1 4 3 2 6 
1 2 4 3 6 5 
2 1 6 3 4 5 
3 2 6 1 4 
3 2 4 1 6 5 
1 4 6 3 2 5 
2 4 6 3 1 5 
3 4 5 2 6 1 
3 4 2 5 1 6 
2 5 3 1 4 
3 2 5 1 6 
1 3 2 5 6 
2 5 6 1 4 3 
3 5 1 6 2 
2 3 5 1 4 6 
1 6 2 4 3 
3 4 2 5 6 1 
2 6 5 1 4 3 
3 1 2 4 6 5 
2 4 1 5 3 
2 3 6 4 5 1 
1 4 2 5 6 3 
2 3 1 6 4 5 
3 6 2 1 
2 6 1 3 
2 1 5 6 3 4 
1 5 4 2 3 6 
3 4 5 2 6 1 
3 1 6 4 5 2 
2 1 6 4 3 
1 2 6 4 5 3 
3 2 6 4 1 5 
2 6 1 4 3 
3 5 6 1 4 2 
1 3 6 2 4 5 
3 1 5 2 4 6 
3 6 1 5 2 4 
2 3 1 
2 5 6 3 1 
2 1 5 6 3 4 
2 1 6 5 3 
2 4 1 5 3 6 
1 2 4 3 5 6 
3 4 5 6 1 2 

max: 21
6 7 8 9 10 11 12 13 14 15 16 17 18 19 20 4 5 1 

3 2 
3 2 6 1 4 5 
3 1 4 5 2 6 
3 6 2 
3 6 1 2 4 
2 4 6 5 3 
3 6 1 4 5 2 
2 5 1 3 4 6 
2 5 3 
3 6 4 2 
2 5 1 3 
2 1 6 3 4 
3 2 6 4 
3 6 5 2 4 1 
3 2 6 4 
3 6 2 1 5 4 
3 2 6 
2 4 3 6 5 
2 1 6 3 4 5 
3 2 6 1 4 
3 2 4 1 6 5 
3 2 5 
2 4 6 3 1 5 
3 4 5 2 6 1 
3 4 2 5 1 6 
2 5 3 1 4 
3 2 5 1 6 
3 2 5 6 
2 5 6 1 4 3 
3 5 1 6 2 
2 3 5 1 4 6 
2 4 3 
3 4 2 5 6 1 
2 6 5 1 4 3 
3 1 2 4 6 5 
2 4 1 5 3 
2 3 6 4 5 1 
2 5 6 3 
2 3 1 6 4 5 
3 6 2 1 
2 6 1 3 
2 1 5 6 3 4 
2 3 6 
3 4 5 2 6 1 
3 1 6 4 5 2 
2 1 6 4 3 
2 6 4 5 3 
3 2 6 4 1 5 
2 6 1 4 3 
3 5 6 1 4 2 
3 6 2 4 5 
3 1 5 2 4 6 
3 6 1 5 2 4 
2 3 1 
2 5 6 3 1 
2 1 5 6 3 4 
2 1 6 5 3 
2 4 1 5 3 6 
2 4 3 5 6 
3 4 5 6 1 2 

max: 30
6 7 8 9 10 11 12 13 14 15 16 17 18 19 20 4 5 1 2 

3 2 
3 2 6 1 4 5 
3 1 4 5 2 6 
3 6 2 
3 6 1 2 4 
3 
3 6 1 4 5 2 
3 4 6 
3 
3 6 4 2 
3 
3 4 
3 2 6 4 
3 6 5 2 4 1 
3 2 6 4 
3 6 2 1 5 4 
3 2 6 
3 6 5 
3 4 5 
3 2 6 1 4 
3 2 4 1 6 5 
3 2 5 
3 1 5 
3 4 5 2 6 1 
3 4 2 5 1 6 
3 1 4 
3 2 5 1 6 
3 2 5 6 
3 
3 5 1 6 2 
3 5 1 4 6 
3 
3 4 2 5 6 1 
3 
3 1 2 4 6 5 
3 
3 6 4 5 1 
3 
3 1 6 4 5 
3 6 2 1 
3 
3 4 
3 6 
3 4 5 2 6 1 
3 1 6 4 5 2 
3 
3 
3 2 6 4 1 5 
3 
3 5 6 1 4 2 
3 6 2 4 5 
3 1 5 2 4 6 
3 6 1 5 2 4 
3 1 
3 1 
3 4 
3 
3 6 
3 5 6 
3 4 5 6 1 2 

max: 59
Elise

1 5 6 7 8 9 10 11 12 13 14 15 16 17 18 19 20 

4 3 1 2 
2 4 3 
2 1 3 4 
4 1 2 3 
3 2 1 4 
2 4 3 1 
2 1 4 3 
3 4 2 
2 4 3 1 
2 4 3 1 
2 4 3 1 
4 2 1 3 
2 3 4 1 
3 1 4 2 
2 4 3 1 
4 2 3 1 
3 1 2 4 
4 2 3 1 
2 3 1 4 
2 4 3 1 
2 3 1 4 
4 3 2 1 
3 4 1 2 
2 3 1 4 
3 4 2 1 
4 1 2 3 
2 1 4 3 
4 1 3 2 
3 4 2 1 
3 2 4 1 
3 4 2 
4 1 2 3 
4 1 2 3 
2 4 1 3 
3 4 2 1 
4 1 2 3 

max: 14
1 5 6 7 8 9 10 11 12 13 14 15 16 17 18 19 20 3 

4 3 1 2 
2 4 3 
2 1 3 4 
4 1 2 3 
2 1 4 
2 4 3 1 
2 1 4 3 
4 2 
2 4 3 1 
2 4 3 1 
2 4 3 1 
4 2 1 3 
2 3 4 1 
4 2 
2 4 3 1 
4 2 3 1 
2 4 
4 2 3 1 
2 3 1 4 
2 4 3 1 
2 3 1 4 
4 3 2 1 
4 1 2 
2 3 1 4 
4 2 1 
4 1 2 3 
2 1 4 3 
4 1 3 2 
4 2 1 
2 4 1 
4 2 
4 1 2 3 
4 1 2 3 
2 4 1 3 
4 2 1 
4 1 2 3 

max: 17
Mark
Harry

1 7 8 9 10 11 12 13 14 15 16 17 18 19 20 

3 2 1 4 5 6 
3 1 2 5 6 4 
2 6 1 4 3 5 
5 3 2 6 4 1 
6 2 5 4 3 1 
6 5 4 3 1 2 
6 3 1 2 4 5 
3 2 1 5 6 4 
5 3 1 6 4 2 
5 2 3 4 1 6 
6 4 3 1 2 5 
3 2 6 5 1 4 
2 3 1 5 4 6 
4 6 5 3 2 
2 4 3 5 6 
5 2 1 3 4 6 
4 2 6 5 1 3 
6 5 3 4 2 1 
4 2 3 5 1 6 
4 1 5 3 2 6 
2 4 5 6 1 3 
2 6 1 4 3 5 
3 1 4 5 6 2 
5 2 4 6 1 3 
5 3 6 4 1 2 
4 3 6 2 1 5 
3 4 5 2 1 6 
6 3 1 4 5 2 
2 3 4 5 6 
2 1 4 5 6 3 
4 2 3 1 5 6 
3 6 4 2 5 1 

max: 6
1 7 8 9 10 11 12 13 14 15 16 17 18 19 20 4 5 6 

3 2 1 4 5 6 
3 1 2 5 6 4 
2 6 1 4 3 5 
3 2 6 4 1 
2 5 4 3 1 
3 1 2 
3 1 2 4 5 
3 2 1 5 6 4 
3 1 6 4 2 
2 3 4 1 6 
3 1 2 5 
3 2 6 5 1 4 
2 3 1 5 4 6 
3 2 
2 4 3 5 6 
2 1 3 4 6 
2 6 5 1 3 
3 4 2 1 
2 3 5 1 6 
3 2 6 
2 4 5 6 1 3 
2 6 1 4 3 5 
3 1 4 5 6 2 
2 4 6 1 3 
3 6 4 1 2 
3 6 2 1 5 
3 4 5 2 1 6 
3 1 4 5 2 
2 3 4 5 6 
2 1 4 5 6 3 
2 3 1 5 6 
3 6 4 2 5 1 

max: 17
Elise

5 6 7 8 9 10 11 12 13 14 15 16 17 18 19 20 

4 3 2 5 1 
1 5 2 3 4 
2 5 1 3 4 
3 1 4 5 2 
2 3 1 5 4 
1 3 4 5 2 
2 4 5 1 3 
3 4 1 2 5 
4 1 5 2 3 
2 4 5 1 3 
1 2 4 3 5 
3 4 5 2 1 
4 2 1 5 3 
4 1 2 3 5 
1 4 5 2 3 
2 4 1 5 3 
3 1 2 4 

max: 4
5 6 7 8 9 10 11 12 13 14 15 16 17 18 19 20 1 3 4 

2 5 1 
2 3 4 
2 5 1 3 4 
2 
2 3 1 5 4 
2 
2 4 5 1 3 
2 5 
2 3 
2 4 5 1 3 
2 4 3 5 
2 1 
2 1 5 3 
2 3 5 
2 3 
2 4 1 5 3 
2 4 

max: 16
Mark

5 6 7 8 9 10 11 12 13 14 15 16 17 18 19 20 

2 3 4 5 1 
3 5 2 1 4 
3 1 5 2 4 
1 2 3 4 5 
3 5 2 1 4 
3 5 1 4 2 
1 4 3 2 5 
2 1 3 5 4 
1 2 3 4 
2 1 5 4 3 
3 2 4 1 
4 3 5 2 1 
1 5 2 3 4 
3 2 1 4 
1 3 2 4 5 
1 5 3 2 4 
3 2 1 4 5 
1 2 4 3 5 
4 3 1 2 
4 2 5 3 1 
4 2 3 1 5 
4 5 1 2 3 
1 5 3 4 2 
2 5 4 1 3 
1 3 5 4 2 
2 1 5 4 3 
3 1 4 2 5 
1 4 5 2 3 
2 1 5 3 4 
1 3 4 2 
3 2 1 4 
2 1 5 4 3 
2 5 1 3 4 
4 3 1 5 2 
4 5 3 2 1 
4 1 2 3 
4 1 3 5 2 
3 4 1 5 2 
4 5 1 3 2 
1 2 5 3 4 
3 4 2 1 5 
4 3 2 1 5 
2 3 1 4 5 
3 5 2 4 1 
4 2 3 1 
3 1 2 4 5 
1 5 4 2 3 
1 2 5 3 4 
3 5 4 2 1

max: 13
5 6 7 8 9 10 11 12 13 14 15 16 17 18 19 20 2 

3 4 5 1 
3 5 2 1 4 
3 1 5 2 4 
1 2 3 4 5 
3 5 2 1 4 
3 5 1 4 2 
1 4 3 2 5 
1 3 5 4 
1 2 3 4 
1 5 4 3 
3 2 4 1 
4 3 5 2 1 
1 5 2 3 4 
3 2 1 4 
1 3 2 4 5 
1 5 3 2 4 
3 2 1 4 5 
1 2 4 3 5 
4 3 1 2 
4 2 5 3 1 
4 2 3 1 5 
4 5 1 2 3 
1 5 3 4 2 
4 1 3 
1 3 5 4 2 
1 5 4 3 
3 1 4 2 5 
1 4 5 2 3 
1 5 3 4 
1 3 4 2 
3 2 1 4 
1 5 4 3 
1 3 4 
4 3 1 5 2 
4 5 3 2 1 
4 1 2 3 
4 1 3 5 2 
3 4 1 5 2 
4 5 1 3 2 
1 2 5 3 4 
3 4 2 1 5 
4 3 2 1 5 
3 1 4 5 
3 5 2 4 1 
4 2 3 1 
3 1 2 4 5 
1 5 4 2 3 
1 2 5 3 4 
3 5 4 2 1

max: 19
5 6 7 8 9 10 11 12 13 14 15 16 17 18 19 20 2 4 

3 4 5 1 
3 5 2 1 4 
3 1 5 2 4 
1 2 3 4 5 
3 5 2 1 4 
3 5 1 4 2 
1 4 3 2 5 
1 3 5 4 
1 2 3 4 
1 5 4 3 
3 2 4 1 
3 5 2 1 
1 5 2 3 4 
3 2 1 4 
1 3 2 4 5 
1 5 3 2 4 
3 2 1 4 5 
1 2 4 3 5 
3 1 2 
3 1 
3 1 5 
1 2 3 
1 5 3 4 2 
1 3 
1 3 5 4 2 
1 5 4 3 
3 1 4 2 5 
1 4 5 2 3 
1 5 3 4 
1 3 4 2 
3 2 1 4 
1 5 4 3 
1 3 4 
3 1 5 2 
3 2 1 
1 2 3 
1 3 5 2 
3 4 1 5 2 
1 3 2 
1 2 5 3 4 
3 4 2 1 5 
3 2 1 5 
3 1 4 5 
3 5 2 4 1 
3 1 
3 1 2 4 5 
1 5 4 2 3 
1 2 5 3 4 
3 5 4 2 1

max: 24
5 6 7 8 9 10 11 12 13 14 15 16 17 18 19 20 2 4 3 

1 
1 4 
1 5 2 4 
1 2 3 4 5 
1 4 
1 4 2 
1 4 3 2 5 
1 3 5 4 
1 2 3 4 
1 5 4 3 
1 
1 
1 5 2 3 4 
1 4 
1 3 2 4 5 
1 5 3 2 4 
1 4 5 
1 2 4 3 5 
1 2 
1 
1 5 
1 2 3 
1 5 3 4 2 
1 3 
1 3 5 4 2 
1 5 4 3 
1 4 2 5 
1 4 5 2 3 
1 5 3 4 
1 3 4 2 
1 4 
1 5 4 3 
1 3 4 
1 5 2 
1 
1 2 3 
1 3 5 2 
1 5 2 
1 3 2 
1 2 5 3 4 
1 5 
1 5 
1 4 5 
1 
1 
1 2 4 5 
1 5 4 2 3 
1 2 5 3 4 
1

max: 48
Jake
